\BOOKMARK [1][-]{section.1}{Introduction}{}
\BOOKMARK [1][-]{section.2}{Observations and Analysis}{}
\BOOKMARK [2][-]{subsection.2.1}{Observations}{section.2}
\BOOKMARK [2][-]{subsection.2.2}{Analysis}{section.2}
\BOOKMARK [2][-]{subsection.2.3}{Data access}{section.2}
\BOOKMARK [1][-]{section.3}{Multi-frequency Polarization Profiles}{}
\BOOKMARK [1][-]{section.4}{Pulse widths}{}
\BOOKMARK [1][-]{section.5}{Flux Densities and Spectral indices}{}
\BOOKMARK [1][-]{section.6}{Polarization properties}{}
\BOOKMARK [1][-]{section.7}{Rotation measures}{}
\BOOKMARK [1][-]{section.8}{Summary of results and conclusion}{}
\BOOKMARK [1][-]{appendix.A}{Multi-frequency Polarization Profiles}{}
\BOOKMARK [2][-]{subsection.A.1}{PSR J0437-4715}{appendix.A}
\BOOKMARK [2][-]{subsection.A.2}{PSR J0613-0200}{appendix.A}
\BOOKMARK [2][-]{subsection.A.3}{PSR J0711-6830}{appendix.A}
\BOOKMARK [2][-]{subsection.A.4}{PSR J1017-7156}{appendix.A}
\BOOKMARK [2][-]{subsection.A.5}{PSR J1022+1001}{appendix.A}
\BOOKMARK [2][-]{subsection.A.6}{PSR J1024-0719}{appendix.A}
\BOOKMARK [2][-]{subsection.A.7}{PSR J1045-4509}{appendix.A}
\BOOKMARK [2][-]{subsection.A.8}{PSR J1446-4701}{appendix.A}
\BOOKMARK [2][-]{subsection.A.9}{PSR J1545-4550}{appendix.A}
\BOOKMARK [2][-]{subsection.A.10}{PSR J1600-3053}{appendix.A}
\BOOKMARK [2][-]{subsection.A.11}{PSR J1603-7202}{appendix.A}
\BOOKMARK [2][-]{subsection.A.12}{PSR J1643-1224}{appendix.A}
\BOOKMARK [2][-]{subsection.A.13}{PSR J1713+0747}{appendix.A}
\BOOKMARK [2][-]{subsection.A.14}{PSR J1730-2304}{appendix.A}
\BOOKMARK [2][-]{subsection.A.15}{PSR J1744-1134}{appendix.A}
\BOOKMARK [2][-]{subsection.A.16}{PSR J1824-2452A}{appendix.A}
\BOOKMARK [2][-]{subsection.A.17}{PSR J1832-0836}{appendix.A}
\BOOKMARK [2][-]{subsection.A.18}{PSR J1857+0943}{appendix.A}
\BOOKMARK [2][-]{subsection.A.19}{PSR J1909-3744}{appendix.A}
\BOOKMARK [2][-]{subsection.A.20}{PSR J1939+2134}{appendix.A}
\BOOKMARK [2][-]{subsection.A.21}{PSR J2124-3358}{appendix.A}
\BOOKMARK [2][-]{subsection.A.22}{PSR J2129-5721}{appendix.A}
\BOOKMARK [2][-]{subsection.A.23}{PSR J2145-0750}{appendix.A}
\BOOKMARK [2][-]{subsection.A.24}{PSR J2241-5236}{appendix.A}
